<?xml version="1.0" encoding="utf-8"?><testsuites name="pytest tests"><testsuite name="pytest" errors="0" failures="0" skipped="0" tests="25" time="15.990" timestamp="2026-03-08T01:04:32.990592+00:00" hostname="agent-env-ebfb9628-f1ad-4302-b061-55a835c2c6c2"><testcase classname="backend.tests.test_construct_market.TestHealthCheck" name="test_health_endpoint" time="0.177" /><testcase classname="backend.tests.test_construct_market.TestAuthentication" name="test_builder_signup" time="0.350" /><testcase classname="backend.tests.test_construct_market.TestAuthentication" name="test_provider_signup" time="0.336" /><testcase classname="backend.tests.test_construct_market.TestAuthentication" name="test_login_with_valid_credentials" time="0.340" /><testcase classname="backend.tests.test_construct_market.TestAuthentication" name="test_login_with_invalid_credentials" time="0.127" /><testcase classname="backend.tests.test_construct_market.TestAuthentication" name="test_signup_duplicate_email" time="0.485" /><testcase classname="backend.tests.test_construct_market.TestTaskWorkflow" name="test_create_task" time="0.483" /><testcase classname="backend.tests.test_construct_market.TestTaskWorkflow" name="test_publish_task" time="0.579" /><testcase classname="backend.tests.test_construct_market.TestTaskWorkflow" name="test_list_tasks" time="0.494" /><testcase classname="backend.tests.test_construct_market.TestTaskWorkflow" name="test_get_task_by_id" time="0.568" /><testcase classname="backend.tests.test_construct_market.TestBiddingWorkflow" name="test_provider_submit_bid" time="1.052" /><testcase classname="backend.tests.test_construct_market.TestBiddingWorkflow" name="test_builder_view_bids" time="1.163" /><testcase classname="backend.tests.test_construct_market.TestBiddingWorkflow" name="test_builder_select_bid" time="1.155" /><testcase classname="backend.tests.test_construct_market.TestContractWorkflow" name="test_create_contract" time="1.318" /><testcase classname="backend.tests.test_construct_market.TestContractWorkflow" name="test_builder_sign_contract" time="1.395" /><testcase classname="backend.tests.test_construct_market.TestContractWorkflow" name="test_full_signature_flow" time="1.628" /><testcase classname="backend.tests.test_construct_market.TestNotifications" name="test_get_notifications" time="0.464" /><testcase classname="backend.tests.test_construct_market.TestNotifications" name="test_get_unread_count" time="0.488" /><testcase classname="backend.tests.test_construct_market.TestAdminPanel" name="test_admin_dashboard_stats" time="0.489" /><testcase classname="backend.tests.test_construct_market.TestAdminPanel" name="test_admin_list_users" time="0.460" /><testcase classname="backend.tests.test_construct_market.TestAdminPanel" name="test_admin_list_companies" time="0.460" /><testcase classname="backend.tests.test_construct_market.TestPayments" name="test_list_payments" time="0.453" /><testcase classname="backend.tests.test_construct_market.TestProviderTaskFeed" name="test_provider_view_task_feed" time="0.482" /><testcase classname="backend.tests.test_construct_market.TestUserProfile" name="test_get_current_user" time="0.456" /><testcase classname="backend.tests.test_construct_market.TestUserProfile" name="test_update_user_profile" time="0.479" /></testsuite></testsuites>