<?xml version="1.0" encoding="utf-8"?><testsuites name="pytest tests"><testsuite name="pytest" errors="0" failures="0" skipped="0" tests="22" time="4.689" timestamp="2026-03-08T01:33:24.462765+00:00" hostname="agent-env-ebfb9628-f1ad-4302-b061-55a835c2c6c2"><testcase classname="backend.tests.test_marketplace_crm.TestPublicMarketplace" name="test_marketplace_list_tasks_public" time="0.230" /><testcase classname="backend.tests.test_marketplace_crm.TestPublicMarketplace" name="test_marketplace_filter_by_category" time="0.116" /><testcase classname="backend.tests.test_marketplace_crm.TestPublicMarketplace" name="test_marketplace_filter_by_state" time="0.141" /><testcase classname="backend.tests.test_marketplace_crm.TestPublicMarketplace" name="test_marketplace_task_detail_invalid" time="0.115" /><testcase classname="backend.tests.test_marketplace_crm.TestCRMDashboard" name="test_crm_dashboard_without_auth" time="0.130" /><testcase classname="backend.tests.test_marketplace_crm.TestCRMDashboard" name="test_crm_dashboard_with_admin" time="0.441" /><testcase classname="backend.tests.test_marketplace_crm.TestCRMDashboard" name="test_crm_dashboard_with_non_admin" time="0.470" /><testcase classname="backend.tests.test_marketplace_crm.TestCRMCustomers" name="test_crm_customers_list" time="0.141" /><testcase classname="backend.tests.test_marketplace_crm.TestCRMCustomers" name="test_crm_customers_filter_by_role" time="0.153" /><testcase classname="backend.tests.test_marketplace_crm.TestCRMCustomers" name="test_crm_customers_pagination" time="0.124" /><testcase classname="backend.tests.test_marketplace_crm.TestCRMPipeline" name="test_crm_pipeline" time="0.128" /><testcase classname="backend.tests.test_marketplace_crm.TestCRMPipeline" name="test_crm_pipeline_filter" time="0.475" /><testcase classname="backend.tests.test_marketplace_crm.TestCRMRevenue" name="test_crm_revenue" time="0.120" /><testcase classname="backend.tests.test_marketplace_crm.TestCRMRevenue" name="test_crm_revenue_periods" time="0.466" /><testcase classname="backend.tests.test_marketplace_crm.TestCRMReports" name="test_crm_list_reports" time="0.113" /><testcase classname="backend.tests.test_marketplace_crm.TestCRMReports" name="test_crm_generate_report" time="0.118" /><testcase classname="backend.tests.test_marketplace_crm.TestProviderPayouts" name="test_provider_payouts_list" time="0.442" /><testcase classname="backend.tests.test_marketplace_crm.TestProviderPayouts" name="test_provider_payouts_non_provider_denied" time="0.110" /><testcase classname="backend.tests.test_marketplace_crm.TestProviderPayouts" name="test_provider_stripe_status" time="0.109" /><testcase classname="backend.tests.test_marketplace_crm.TestProviderPayouts" name="test_provider_stripe_onboard" time="0.120" /><testcase classname="backend.tests.test_marketplace_crm.TestAPIHealth" name="test_api_root" time="0.141" /><testcase classname="backend.tests.test_marketplace_crm.TestAPIHealth" name="test_api_health" time="0.111" /></testsuite></testsuites>