<?xml version="1.0" encoding="utf-8"?><testsuites name="pytest tests"><testsuite name="pytest" errors="0" failures="0" skipped="0" tests="31" time="18.629" timestamp="2026-03-08T01:47:52.712807+00:00" hostname="agent-env-ebfb9628-f1ad-4302-b061-55a835c2c6c2"><testcase classname="backend.tests.test_enterprise_features.TestAuthentication" name="test_builder_login" time="0.547" /><testcase classname="backend.tests.test_enterprise_features.TestAuthentication" name="test_provider_login" time="0.384" /><testcase classname="backend.tests.test_enterprise_features.TestAuthentication" name="test_admin_login" time="0.385" /><testcase classname="backend.tests.test_enterprise_features.TestTwoFactorAuthentication" name="test_2fa_setup_returns_qr_code_and_secret" time="0.563" /><testcase classname="backend.tests.test_enterprise_features.TestTwoFactorAuthentication" name="test_2fa_verify_rejects_invalid_code" time="0.659" /><testcase classname="backend.tests.test_enterprise_features.TestTwoFactorAuthentication" name="test_2fa_verify_rejects_without_setup" time="0.843" /><testcase classname="backend.tests.test_enterprise_features.TestFileUpload" name="test_file_upload_image" time="0.487" /><testcase classname="backend.tests.test_enterprise_features.TestFileUpload" name="test_file_upload_requires_auth" time="0.438" /><testcase classname="backend.tests.test_enterprise_features.TestFileUpload" name="test_file_upload_rejects_invalid_type" time="0.448" /><testcase classname="backend.tests.test_enterprise_features.TestFileUpload" name="test_file_download" time="0.577" /><testcase classname="backend.tests.test_enterprise_features.TestFileUpload" name="test_file_download_404_for_nonexistent" time="0.460" /><testcase classname="backend.tests.test_enterprise_features.TestChatRooms" name="test_get_chat_rooms" time="0.431" /><testcase classname="backend.tests.test_enterprise_features.TestChatRooms" name="test_get_chat_rooms_requires_auth" time="0.426" /><testcase classname="backend.tests.test_enterprise_features.TestChatRooms" name="test_get_chat_messages" time="0.568" /><testcase classname="backend.tests.test_enterprise_features.TestChatRooms" name="test_get_chat_messages_with_pagination" time="0.573" /><testcase classname="backend.tests.test_enterprise_features.TestContractPDFExport" name="test_contract_pdf_export" time="0.722" /><testcase classname="backend.tests.test_enterprise_features.TestContractPDFExport" name="test_contract_pdf_requires_auth" time="0.465" /><testcase classname="backend.tests.test_enterprise_features.TestContractPDFExport" name="test_contract_pdf_404_for_nonexistent" time="0.521" /><testcase classname="backend.tests.test_enterprise_features.TestVerificationBadges" name="test_get_user_badges" time="0.829" /><testcase classname="backend.tests.test_enterprise_features.TestVerificationBadges" name="test_get_user_badges_404_for_nonexistent" time="0.787" /><testcase classname="backend.tests.test_enterprise_features.TestCompanyVerification" name="test_get_company_verification_status" time="0.458" /><testcase classname="backend.tests.test_enterprise_features.TestCompanyVerification" name="test_company_verification_404_for_nonexistent" time="0.460" /><testcase classname="backend.tests.test_enterprise_features.TestAdminBadgeAward" name="test_admin_can_award_badge" time="0.801" /><testcase classname="backend.tests.test_enterprise_features.TestAdminBadgeAward" name="test_admin_badge_award_rejects_invalid_type" time="0.783" /><testcase classname="backend.tests.test_enterprise_features.TestAdminBadgeAward" name="test_non_admin_cannot_award_badge" time="0.833" /><testcase classname="backend.tests.test_enterprise_features.TestPushNotifications" name="test_subscribe_push_notifications" time="0.472" /><testcase classname="backend.tests.test_enterprise_features.TestPushNotifications" name="test_subscribe_push_requires_auth" time="0.466" /><testcase classname="backend.tests.test_enterprise_features.TestPushNotifications" name="test_unsubscribe_push_notifications" time="0.539" /><testcase classname="backend.tests.test_enterprise_features.TestWorkDiaryPhotoUpload" name="test_work_diary_photo_upload" time="1.585" /><testcase classname="backend.tests.test_enterprise_features.TestWorkDiaryPhotoUpload" name="test_work_diary_photo_upload_requires_auth" time="0.440" /><testcase classname="backend.tests.test_enterprise_features.TestWorkDiaryPhotoUpload" name="test_work_diary_photo_upload_404_for_nonexistent" time="0.441" /></testsuite></testsuites>